<?xml version="1.0" encoding="UTF-8"?>
<testsuite xmlns:xsi="http://www.w3.org/2001/XMLSchema-instance" xsi:noNamespaceSchemaLocation="https://maven.apache.org/surefire/maven-surefire-plugin/xsd/surefire-test-report-3.0.xsd" version="3.0" name="TestSuite" time="174.707" tests="9" errors="0" skipped="8" failures="1">
  <properties>
    <property name="sun.desktop" value="gnome"/>
    <property name="awt.toolkit" value="sun.awt.X11.XToolkit"/>
    <property name="java.specification.version" value="11"/>
    <property name="webdriver.chrome.driver" value="/home/avkolte/eclipse-workspace/edx-automation/drivers/chromedriver"/>
    <property name="sun.cpu.isalist" value=""/>
    <property name="sun.jnu.encoding" value="UTF-8"/>
    <property name="java.class.path" value="/home/avkolte/eclipse-workspace/edx-automation/target/test-classes:/home/avkolte/eclipse-workspace/edx-automation/target/classes:/home/avkolte/.m2/repository/org/seleniumhq/selenium/selenium-java/3.141.59/selenium-java-3.141.59.jar:/home/avkolte/.m2/repository/org/seleniumhq/selenium/selenium-api/3.141.59/selenium-api-3.141.59.jar:/home/avkolte/.m2/repository/org/seleniumhq/selenium/selenium-chrome-driver/3.141.59/selenium-chrome-driver-3.141.59.jar:/home/avkolte/.m2/repository/org/seleniumhq/selenium/selenium-edge-driver/3.141.59/selenium-edge-driver-3.141.59.jar:/home/avkolte/.m2/repository/org/seleniumhq/selenium/selenium-firefox-driver/3.141.59/selenium-firefox-driver-3.141.59.jar:/home/avkolte/.m2/repository/org/seleniumhq/selenium/selenium-ie-driver/3.141.59/selenium-ie-driver-3.141.59.jar:/home/avkolte/.m2/repository/org/seleniumhq/selenium/selenium-opera-driver/3.141.59/selenium-opera-driver-3.141.59.jar:/home/avkolte/.m2/repository/org/seleniumhq/selenium/selenium-remote-driver/3.141.59/selenium-remote-driver-3.141.59.jar:/home/avkolte/.m2/repository/org/seleniumhq/selenium/selenium-safari-driver/3.141.59/selenium-safari-driver-3.141.59.jar:/home/avkolte/.m2/repository/org/seleniumhq/selenium/selenium-support/3.141.59/selenium-support-3.141.59.jar:/home/avkolte/.m2/repository/net/bytebuddy/byte-buddy/1.8.15/byte-buddy-1.8.15.jar:/home/avkolte/.m2/repository/org/apache/commons/commons-exec/1.3/commons-exec-1.3.jar:/home/avkolte/.m2/repository/com/google/guava/guava/25.0-jre/guava-25.0-jre.jar:/home/avkolte/.m2/repository/com/google/code/findbugs/jsr305/1.3.9/jsr305-1.3.9.jar:/home/avkolte/.m2/repository/org/checkerframework/checker-compat-qual/2.0.0/checker-compat-qual-2.0.0.jar:/home/avkolte/.m2/repository/com/google/errorprone/error_prone_annotations/2.1.3/error_prone_annotations-2.1.3.jar:/home/avkolte/.m2/repository/com/google/j2objc/j2objc-annotations/1.1/j2objc-annotations-1.1.jar:/home/avkolte/.m2/repository/org/codehaus/mojo/animal-sniffer-annotations/1.14/animal-sniffer-annotations-1.14.jar:/home/avkolte/.m2/repository/com/squareup/okhttp3/okhttp/3.11.0/okhttp-3.11.0.jar:/home/avkolte/.m2/repository/com/squareup/okio/okio/1.14.0/okio-1.14.0.jar:/home/avkolte/.m2/repository/org/testng/testng/6.8/testng-6.8.jar:/home/avkolte/.m2/repository/junit/junit/4.10/junit-4.10.jar:/home/avkolte/.m2/repository/org/hamcrest/hamcrest-core/1.1/hamcrest-core-1.1.jar:/home/avkolte/.m2/repository/org/beanshell/bsh/2.0b4/bsh-2.0b4.jar:/home/avkolte/.m2/repository/com/beust/jcommander/1.27/jcommander-1.27.jar:/home/avkolte/.m2/repository/org/yaml/snakeyaml/1.6/snakeyaml-1.6.jar:/home/avkolte/.m2/repository/org/apache/poi/poi/4.1.2/poi-4.1.2.jar:/home/avkolte/.m2/repository/commons-codec/commons-codec/1.13/commons-codec-1.13.jar:/home/avkolte/.m2/repository/org/apache/commons/commons-math3/3.6.1/commons-math3-3.6.1.jar:/home/avkolte/.m2/repository/com/zaxxer/SparseBitSet/1.2/SparseBitSet-1.2.jar:/home/avkolte/.m2/repository/commons-io/commons-io/2.6/commons-io-2.6.jar:/home/avkolte/.m2/repository/org/apache/commons/commons-collections4/4.1/commons-collections4-4.1.jar:/home/avkolte/.m2/repository/org/apache/poi/poi-ooxml/4.1.0/poi-ooxml-4.1.0.jar:/home/avkolte/.m2/repository/org/apache/poi/poi-ooxml-schemas/4.1.0/poi-ooxml-schemas-4.1.0.jar:/home/avkolte/.m2/repository/org/apache/xmlbeans/xmlbeans/3.1.0/xmlbeans-3.1.0.jar:/home/avkolte/.m2/repository/org/apache/commons/commons-compress/1.18/commons-compress-1.18.jar:/home/avkolte/.m2/repository/com/github/virtuald/curvesapi/1.06/curvesapi-1.06.jar:"/>
    <property name="java.vm.vendor" value="Ubuntu"/>
    <property name="sun.arch.data.model" value="64"/>
    <property name="java.vendor.url" value="https://ubuntu.com/"/>
    <property name="user.timezone" value="Asia/Kolkata"/>
    <property name="java.vm.specification.version" value="11"/>
    <property name="os.name" value="Linux"/>
    <property name="sun.java.launcher" value="SUN_STANDARD"/>
    <property name="user.country" value="GB"/>
    <property name="sun.boot.library.path" value="/usr/lib/jvm/java-11-openjdk-amd64/lib"/>
    <property name="sun.java.command" value="/home/avkolte/eclipse-workspace/edx-automation/target/surefire/surefirebooter13875526648168449166.jar /home/avkolte/eclipse-workspace/edx-automation/target/surefire 2020-07-03T18-54-16_915-jvmRun1 surefire9943623799046401383tmp surefire_016561118985339241705tmp"/>
    <property name="jdk.debug" value="release"/>
    <property name="surefire.test.class.path" value="/home/avkolte/eclipse-workspace/edx-automation/target/test-classes:/home/avkolte/eclipse-workspace/edx-automation/target/classes:/home/avkolte/.m2/repository/org/seleniumhq/selenium/selenium-java/3.141.59/selenium-java-3.141.59.jar:/home/avkolte/.m2/repository/org/seleniumhq/selenium/selenium-api/3.141.59/selenium-api-3.141.59.jar:/home/avkolte/.m2/repository/org/seleniumhq/selenium/selenium-chrome-driver/3.141.59/selenium-chrome-driver-3.141.59.jar:/home/avkolte/.m2/repository/org/seleniumhq/selenium/selenium-edge-driver/3.141.59/selenium-edge-driver-3.141.59.jar:/home/avkolte/.m2/repository/org/seleniumhq/selenium/selenium-firefox-driver/3.141.59/selenium-firefox-driver-3.141.59.jar:/home/avkolte/.m2/repository/org/seleniumhq/selenium/selenium-ie-driver/3.141.59/selenium-ie-driver-3.141.59.jar:/home/avkolte/.m2/repository/org/seleniumhq/selenium/selenium-opera-driver/3.141.59/selenium-opera-driver-3.141.59.jar:/home/avkolte/.m2/repository/org/seleniumhq/selenium/selenium-remote-driver/3.141.59/selenium-remote-driver-3.141.59.jar:/home/avkolte/.m2/repository/org/seleniumhq/selenium/selenium-safari-driver/3.141.59/selenium-safari-driver-3.141.59.jar:/home/avkolte/.m2/repository/org/seleniumhq/selenium/selenium-support/3.141.59/selenium-support-3.141.59.jar:/home/avkolte/.m2/repository/net/bytebuddy/byte-buddy/1.8.15/byte-buddy-1.8.15.jar:/home/avkolte/.m2/repository/org/apache/commons/commons-exec/1.3/commons-exec-1.3.jar:/home/avkolte/.m2/repository/com/google/guava/guava/25.0-jre/guava-25.0-jre.jar:/home/avkolte/.m2/repository/com/google/code/findbugs/jsr305/1.3.9/jsr305-1.3.9.jar:/home/avkolte/.m2/repository/org/checkerframework/checker-compat-qual/2.0.0/checker-compat-qual-2.0.0.jar:/home/avkolte/.m2/repository/com/google/errorprone/error_prone_annotations/2.1.3/error_prone_annotations-2.1.3.jar:/home/avkolte/.m2/repository/com/google/j2objc/j2objc-annotations/1.1/j2objc-annotations-1.1.jar:/home/avkolte/.m2/repository/org/codehaus/mojo/animal-sniffer-annotations/1.14/animal-sniffer-annotations-1.14.jar:/home/avkolte/.m2/repository/com/squareup/okhttp3/okhttp/3.11.0/okhttp-3.11.0.jar:/home/avkolte/.m2/repository/com/squareup/okio/okio/1.14.0/okio-1.14.0.jar:/home/avkolte/.m2/repository/org/testng/testng/6.8/testng-6.8.jar:/home/avkolte/.m2/repository/junit/junit/4.10/junit-4.10.jar:/home/avkolte/.m2/repository/org/hamcrest/hamcrest-core/1.1/hamcrest-core-1.1.jar:/home/avkolte/.m2/repository/org/beanshell/bsh/2.0b4/bsh-2.0b4.jar:/home/avkolte/.m2/repository/com/beust/jcommander/1.27/jcommander-1.27.jar:/home/avkolte/.m2/repository/org/yaml/snakeyaml/1.6/snakeyaml-1.6.jar:/home/avkolte/.m2/repository/org/apache/poi/poi/4.1.2/poi-4.1.2.jar:/home/avkolte/.m2/repository/commons-codec/commons-codec/1.13/commons-codec-1.13.jar:/home/avkolte/.m2/repository/org/apache/commons/commons-math3/3.6.1/commons-math3-3.6.1.jar:/home/avkolte/.m2/repository/com/zaxxer/SparseBitSet/1.2/SparseBitSet-1.2.jar:/home/avkolte/.m2/repository/commons-io/commons-io/2.6/commons-io-2.6.jar:/home/avkolte/.m2/repository/org/apache/commons/commons-collections4/4.1/commons-collections4-4.1.jar:/home/avkolte/.m2/repository/org/apache/poi/poi-ooxml/4.1.0/poi-ooxml-4.1.0.jar:/home/avkolte/.m2/repository/org/apache/poi/poi-ooxml-schemas/4.1.0/poi-ooxml-schemas-4.1.0.jar:/home/avkolte/.m2/repository/org/apache/xmlbeans/xmlbeans/3.1.0/xmlbeans-3.1.0.jar:/home/avkolte/.m2/repository/org/apache/commons/commons-compress/1.18/commons-compress-1.18.jar:/home/avkolte/.m2/repository/com/github/virtuald/curvesapi/1.06/curvesapi-1.06.jar:"/>
    <property name="sun.cpu.endian" value="little"/>
    <property name="user.home" value="/home/avkolte"/>
    <property name="user.language" value="en"/>
    <property name="java.specification.vendor" value="Oracle Corporation"/>
    <property name="java.version.date" value="2020-04-14"/>
    <property name="java.home" value="/usr/lib/jvm/java-11-openjdk-amd64"/>
    <property name="file.separator" value="/"/>
    <property name="basedir" value="/home/avkolte/eclipse-workspace/edx-automation"/>
    <property name="java.vm.compressedOopsMode" value="32-bit"/>
    <property name="line.separator" value="&#10;"/>
    <property name="java.specification.name" value="Java Platform API Specification"/>
    <property name="java.vm.specification.vendor" value="Oracle Corporation"/>
    <property name="java.awt.graphicsenv" value="sun.awt.X11GraphicsEnvironment"/>
    <property name="surefire.real.class.path" value="/home/avkolte/eclipse-workspace/edx-automation/target/surefire/surefirebooter13875526648168449166.jar"/>
    <property name="sun.management.compiler" value="HotSpot 64-Bit Tiered Compilers"/>
    <property name="java.runtime.version" value="11.0.7+10-post-Ubuntu-3ubuntu1"/>
    <property name="user.name" value="avkolte"/>
    <property name="path.separator" value=":"/>
    <property name="os.version" value="5.4.0-39-generic"/>
    <property name="java.runtime.name" value="OpenJDK Runtime Environment"/>
    <property name="file.encoding" value="UTF-8"/>
    <property name="java.vm.name" value="OpenJDK 64-Bit Server VM"/>
    <property name="localRepository" value="/home/avkolte/.m2/repository"/>
    <property name="java.vendor.url.bug" value="https://bugs.launchpad.net/ubuntu/+source/openjdk-lts"/>
    <property name="java.io.tmpdir" value="/tmp"/>
    <property name="java.version" value="11.0.7"/>
    <property name="user.dir" value="/home/avkolte/eclipse-workspace/edx-automation"/>
    <property name="os.arch" value="amd64"/>
    <property name="java.vm.specification.name" value="Java Virtual Machine Specification"/>
    <property name="java.awt.printerjob" value="sun.print.PSPrinterJob"/>
    <property name="sun.os.patch.level" value="unknown"/>
    <property name="java.library.path" value="/usr/java/packages/lib:/usr/lib/x86_64-linux-gnu/jni:/lib/x86_64-linux-gnu:/usr/lib/x86_64-linux-gnu:/usr/lib/jni:/lib:/usr/lib"/>
    <property name="java.vendor" value="Ubuntu"/>
    <property name="java.vm.info" value="mixed mode, sharing"/>
    <property name="java.vm.version" value="11.0.7+10-post-Ubuntu-3ubuntu1"/>
    <property name="sun.io.unicode.encoding" value="UnicodeLittle"/>
    <property name="java.class.version" value="55.0"/>
  </properties>
  <testcase name="createDriver" classname="org.edx.test.ProjectTest" time="169.078">
    <failure message="session not created&#10;from disconnected: received Inspector.detached event&#10;  (Session info: chrome=83.0.4103.116)&#10;Build info: version: &apos;3.141.59&apos;, revision: &apos;e82be7d358&apos;, time: &apos;2018-11-14T08:17:03&apos;&#10;System info: host: &apos;HP-Notebook&apos;, ip: &apos;127.0.1.1&apos;, os.name: &apos;Linux&apos;, os.arch: &apos;amd64&apos;, os.version: &apos;5.4.0-39-generic&apos;, java.version: &apos;11.0.7&apos;&#10;Driver info: driver.version: Driver&#10;remote stacktrace: #0 0x5630b6adc969 &lt;unknown&gt;&#10;" type="org.openqa.selenium.SessionNotCreatedException"><![CDATA[org.openqa.selenium.SessionNotCreatedException: 
session not created
from disconnected: received Inspector.detached event
  (Session info: chrome=83.0.4103.116)
Build info: version: '3.141.59', revision: 'e82be7d358', time: '2018-11-14T08:17:03'
System info: host: 'HP-Notebook', ip: '127.0.1.1', os.name: 'Linux', os.arch: 'amd64', os.version: '5.4.0-39-generic', java.version: '11.0.7'
Driver info: driver.version: Driver
remote stacktrace: #0 0x5630b6adc969 <unknown>

	at org.edx.test.ProjectTest.createDriver(ProjectTest.java:47)
]]></failure>
    <system-out><![CDATA[chrome
]]></system-out>
    <system-err><![CDATA[Starting ChromeDriver 83.0.4103.14 (be04594a2b8411758b860104bc0a1033417178be-refs/branch-heads/4103@{#119}) on port 16389
Only local connections are allowed.
Please see https://chromedriver.chromium.org/security-considerations for suggestions on keeping ChromeDriver safe.
ChromeDriver was started successfully.
]]></system-err>
  </testcase>
  <testcase name="invalidLogin" classname="org.edx.test.ProjectTest" time="0">
    <skipped/>
  </testcase>
  <testcase name="validLogin" classname="org.edx.test.ProjectTest" time="0">
    <skipped/>
  </testcase>
  <testcase name="emptySearch" classname="org.edx.test.ProjectTest" time="0">
    <skipped/>
  </testcase>
  <testcase name="wrongSearch" classname="org.edx.test.ProjectTest" time="0">
    <skipped/>
  </testcase>
  <testcase name="rightSearch" classname="org.edx.test.ProjectTest" time="0">
    <skipped/>
  </testcase>
  <testcase name="filterTest" classname="org.edx.test.ProjectTest" time="0">
    <skipped/>
  </testcase>
  <testcase name="courseInfo" classname="org.edx.test.ProjectTest" time="0">
    <skipped/>
  </testcase>
  <testcase name="closeBrowser" classname="org.edx.test.ProjectTest" time="0">
    <skipped/>
  </testcase>
</testsuite>