<?xml version="1.0" encoding="UTF-8"?>
<!-- Generated by org.testng.reporters.JUnitReportReporter -->
<testsuite hostname="HP-Notebook" failures="0" tests="7" name="org.edx.test.ProjectTest" time="154.727" errors="0" timestamp="6 Jul 2020 13:39:11 GMT">
  <testcase classname="org.edx.test.ProjectTest" name="validLogin" time="3.490"/>
  <testcase classname="org.edx.test.ProjectTest" name="courseInfo" time="77.700"/>
  <testcase classname="org.edx.test.ProjectTest" name="emptySearch" time="11.066"/>
  <testcase classname="org.edx.test.ProjectTest" name="rightSearch" time="11.492"/>
  <testcase classname="org.edx.test.ProjectTest" name="filterTest" time="32.080"/>
  <testcase classname="org.edx.test.ProjectTest" name="wrongSearch" time="11.490"/>
  <testcase classname="org.edx.test.ProjectTest" name="invalidLogin" time="7.409"/>
</testsuite> <!-- org.edx.test.ProjectTest -->
